This is pdfTeX, Version 3.14159265-2.6-1.40.19 (MiKTeX 2.9.6930 64-bit) (preloaded format=pdflatex 2019.2.15)  18 MAR 2019 18:17
entering extended mode
**./master.tex
(master.tex
LaTeX2e <2018-12-01>
("C:\Users\claud\AppData\Local\Programs\MiKTeX 2.9\tex/latex/base\article.cls"
Document Class: article 2018/09/03 v1.4i Standard LaTeX document class
("C:\Users\claud\AppData\Local\Programs\MiKTeX 2.9\tex/latex/base\size10.clo"
File: size10.clo 2018/09/03 v1.4i Standard LaTeX file (size option)
)
\c@part=\count80
\c@section=\count81
\c@subsection=\count82
\c@subsubsection=\count83
\c@paragraph=\count84
\c@subparagraph=\count85
\c@figure=\count86
\c@table=\count87
\abovecaptionskip=\skip41
\belowcaptionskip=\skip42
\bibindent=\dimen102
)
("C:\Users\claud\AppData\Local\Programs\MiKTeX 2.9\tex/latex/geometry\geometry.
sty"
Package: geometry 2018/04/16 v5.8 Page Geometry

("C:\Users\claud\AppData\Local\Programs\MiKTeX 2.9\tex/latex/graphics\keyval.st
y"
Package: keyval 2014/10/28 v1.15 key=value parser (DPC)
\KV@toks@=\toks14
)
("C:\Users\claud\AppData\Local\Programs\MiKTeX 2.9\tex/generic/oberdiek\ifpdf.s
ty"
Package: ifpdf 2018/09/07 v3.3 Provides the ifpdf switch
)
("C:\Users\claud\AppData\Local\Programs\MiKTeX 2.9\tex/generic/oberdiek\ifvtex.
sty"
Package: ifvtex 2016/05/16 v1.6 Detect VTeX and its facilities (HO)
Package ifvtex Info: VTeX not detected.
)
("C:\Users\claud\AppData\Local\Programs\MiKTeX 2.9\tex/generic/ifxetex\ifxetex.
sty"
Package: ifxetex 2010/09/12 v0.6 Provides ifxetex conditional
)
\Gm@cnth=\count88
\Gm@cntv=\count89
\c@Gm@tempcnt=\count90
\Gm@bindingoffset=\dimen103
\Gm@wd@mp=\dimen104
\Gm@odd@mp=\dimen105
\Gm@even@mp=\dimen106
\Gm@layoutwidth=\dimen107
\Gm@layoutheight=\dimen108
\Gm@layouthoffset=\dimen109
\Gm@layoutvoffset=\dimen110
\Gm@dimlist=\toks15

("C:\Users\claud\AppData\Local\Programs\MiKTeX 2.9\tex/latex/geometry\geometry.
cfg"))
("C:\Users\claud\AppData\Local\Programs\MiKTeX 2.9\tex/generic/babel\babel.sty"
Package: babel 2018/11/13 3.27 The Babel package
("C:\Users\claud\AppData\Local\Programs\MiKTeX 2.9\tex/generic/babel\switch.def
"
File: switch.def 2018/11/13 3.27 Babel switching mechanism
)
*************************************
* Local config file bblopts.cfg used
*
("C:\Users\claud\AppData\Local\Programs\MiKTeX 2.9\tex/latex/arabi\bblopts.cfg"
File: bblopts.cfg 2005/09/08 v0.1 add Arabic and Farsi to "declared" options of
 babel
)
("C:\Users\claud\AppData\Local\Programs\MiKTeX 2.9\tex/latex/babel-english\engl
ish.ldf"
Language: english 2017/06/06 v3.3r English support from the babel system

("C:\Users\claud\AppData\Local\Programs\MiKTeX 2.9\tex/generic/babel\babel.def"
File: babel.def 2018/11/13 3.27 Babel common definitions
\babel@savecnt=\count91
\U@D=\dimen111

("C:\Users\claud\AppData\Local\Programs\MiKTeX 2.9\tex/generic/babel\txtbabel.d
ef")
\bbl@dirlevel=\count92
)
\l@canadian = a dialect from \language\l@american 
\l@australian = a dialect from \language\l@british 
\l@newzealand = a dialect from \language\l@british 
))
("C:\Users\claud\AppData\Local\Programs\MiKTeX 2.9\tex/latex/base\fontenc.sty"
Package: fontenc 2018/08/11 v2.0j Standard LaTeX package

("C:\Users\claud\AppData\Local\Programs\MiKTeX 2.9\tex/latex/base\t1enc.def"
File: t1enc.def 2018/08/11 v2.0j Standard LaTeX file
LaTeX Font Info:    Redeclaring font encoding T1 on input line 48.
))
("C:\Users\claud\AppData\Local\Programs\MiKTeX 2.9\tex/latex/base\inputenc.sty"
Package: inputenc 2018/08/11 v1.3c Input encoding file
\inpenc@prehook=\toks16
\inpenc@posthook=\toks17
)
("C:\Users\claud\AppData\Local\Programs\MiKTeX 2.9\tex/latex/graphics\graphicx.
sty"
Package: graphicx 2017/06/01 v1.1a Enhanced LaTeX Graphics (DPC,SPQR)

("C:\Users\claud\AppData\Local\Programs\MiKTeX 2.9\tex/latex/graphics\graphics.
sty"
Package: graphics 2017/06/25 v1.2c Standard LaTeX Graphics (DPC,SPQR)

("C:\Users\claud\AppData\Local\Programs\MiKTeX 2.9\tex/latex/graphics\trig.sty"
Package: trig 2016/01/03 v1.10 sin cos tan (DPC)
)
("C:\Users\claud\AppData\Local\Programs\MiKTeX 2.9\tex/latex/graphics-cfg\graph
ics.cfg"
File: graphics.cfg 2016/06/04 v1.11 sample graphics configuration
)
Package graphics Info: Driver file: pdftex.def on input line 99.

("C:\Users\claud\AppData\Local\Programs\MiKTeX 2.9\tex/latex/graphics-def\pdfte
x.def"
File: pdftex.def 2018/01/08 v1.0l Graphics/color driver for pdftex
))
\Gin@req@height=\dimen112
\Gin@req@width=\dimen113
)
("C:\Users\claud\AppData\Local\Programs\MiKTeX 2.9\tex/latex/listings\listings.
sty"
\lst@mode=\count93
\lst@gtempboxa=\box27
\lst@token=\toks18
\lst@length=\count94
\lst@currlwidth=\dimen114
\lst@column=\count95
\lst@pos=\count96
\lst@lostspace=\dimen115
\lst@width=\dimen116
\lst@newlines=\count97
\lst@lineno=\count98
\lst@maxwidth=\dimen117

("C:\Users\claud\AppData\Local\Programs\MiKTeX 2.9\tex/latex/listings\lstmisc.s
ty"
File: lstmisc.sty 2018/09/02 1.7 (Carsten Heinz)
\c@lstnumber=\count99
\lst@skipnumbers=\count100
\lst@framebox=\box28
)
("C:\Users\claud\AppData\Local\Programs\MiKTeX 2.9\tex/latex/listings\listings.
cfg"
File: listings.cfg 2018/09/02 1.7 listings configuration
))
Package: listings 2018/09/02 1.7 (Carsten Heinz)

("C:\Users\claud\AppData\Local\Programs\MiKTeX 2.9\tex/latex/amsmath\amsmath.st
y"
Package: amsmath 2018/12/01 v2.17b AMS math features
\@mathmargin=\skip43

For additional information on amsmath, use the `?' option.

("C:\Users\claud\AppData\Local\Programs\MiKTeX 2.9\tex/latex/amsmath\amstext.st
y"
Package: amstext 2000/06/29 v2.01 AMS text

("C:\Users\claud\AppData\Local\Programs\MiKTeX 2.9\tex/latex/amsmath\amsgen.sty
"
File: amsgen.sty 1999/11/30 v2.0 generic functions
\@emptytoks=\toks19
\ex@=\dimen118
))
("C:\Users\claud\AppData\Local\Programs\MiKTeX 2.9\tex/latex/amsmath\amsbsy.sty
"
Package: amsbsy 1999/11/29 v1.2d Bold Symbols
\pmbraise@=\dimen119
)
("C:\Users\claud\AppData\Local\Programs\MiKTeX 2.9\tex/latex/amsmath\amsopn.sty
"
Package: amsopn 2016/03/08 v2.02 operator names
)
\inf@bad=\count101
LaTeX Info: Redefining \frac on input line 223.
\uproot@=\count102
\leftroot@=\count103
LaTeX Info: Redefining \overline on input line 385.
\classnum@=\count104
\DOTSCASE@=\count105
LaTeX Info: Redefining \ldots on input line 482.
LaTeX Info: Redefining \dots on input line 485.
LaTeX Info: Redefining \cdots on input line 606.
\Mathstrutbox@=\box29
\strutbox@=\box30
\big@size=\dimen120
LaTeX Font Info:    Redeclaring font encoding OML on input line 729.
LaTeX Font Info:    Redeclaring font encoding OMS on input line 730.
\macc@depth=\count106
\c@MaxMatrixCols=\count107
\dotsspace@=\muskip10
\c@parentequation=\count108
\dspbrk@lvl=\count109
\tag@help=\toks20
\row@=\count110
\column@=\count111
\maxfields@=\count112
\andhelp@=\toks21
\eqnshift@=\dimen121
\alignsep@=\dimen122
\tagshift@=\dimen123
\tagwidth@=\dimen124
\totwidth@=\dimen125
\lineht@=\dimen126
\@envbody=\toks22
\multlinegap=\skip44
\multlinetaggap=\skip45
\mathdisplay@stack=\toks23
LaTeX Info: Redefining \[ on input line 2844.
LaTeX Info: Redefining \] on input line 2845.
)
("C:\Users\claud\AppData\Local\Programs\MiKTeX 2.9\tex/latex/caption\caption.st
y"
Package: caption 2018/10/06 v3.3-154 Customizing captions (AR)

("C:\Users\claud\AppData\Local\Programs\MiKTeX 2.9\tex/latex/caption\caption3.s
ty"
Package: caption3 2018/09/12 v1.8c caption3 kernel (AR)
Package caption3 Info: TeX engine: e-TeX on input line 64.
\captionmargin=\dimen127
\captionmargin@=\dimen128
\captionwidth=\dimen129
\caption@tempdima=\dimen130
\caption@indent=\dimen131
\caption@parindent=\dimen132
\caption@hangindent=\dimen133
)
\c@caption@flags=\count113
\c@ContinuedFloat=\count114
Package caption Info: listings package is loaded.
) (master.aux (capuno.aux

LaTeX Warning: Label `figure' multiply defined.


LaTeX Warning: Label `figure' multiply defined.


LaTeX Warning: Label `figure' multiply defined.


LaTeX Warning: Label `figure' multiply defined.


LaTeX Warning: Label `figure' multiply defined.


LaTeX Warning: Label `figure' multiply defined.


LaTeX Warning: Label `figure' multiply defined.

))
\openout1 = `master.aux'.

LaTeX Font Info:    Checking defaults for OML/cmm/m/it on input line 12.
LaTeX Font Info:    ... okay on input line 12.
LaTeX Font Info:    Checking defaults for T1/cmr/m/n on input line 12.
LaTeX Font Info:    ... okay on input line 12.
LaTeX Font Info:    Checking defaults for OT1/cmr/m/n on input line 12.
LaTeX Font Info:    ... okay on input line 12.
LaTeX Font Info:    Checking defaults for OMS/cmsy/m/n on input line 12.
LaTeX Font Info:    ... okay on input line 12.
LaTeX Font Info:    Checking defaults for OMX/cmex/m/n on input line 12.
LaTeX Font Info:    ... okay on input line 12.
LaTeX Font Info:    Checking defaults for U/cmr/m/n on input line 12.
LaTeX Font Info:    ... okay on input line 12.

*geometry* driver: auto-detecting
*geometry* detected driver: pdftex
*geometry* verbose mode - [ preamble ] result:
* driver: pdftex
* paper: a4paper
* layout: <same size as paper>
* layoutoffset:(h,v)=(0.0pt,0.0pt)
* modes: 
* h-part:(L,W,R)=(71.13188pt, 455.24411pt, 71.13188pt)
* v-part:(T,H,B)=(71.13188pt, 702.78308pt, 71.13188pt)
* \paperwidth=597.50787pt
* \paperheight=845.04684pt
* \textwidth=455.24411pt
* \textheight=702.78308pt
* \oddsidemargin=-1.1381pt
* \evensidemargin=-1.1381pt
* \topmargin=-38.1381pt
* \headheight=12.0pt
* \headsep=25.0pt
* \topskip=10.0pt
* \footskip=30.0pt
* \marginparwidth=4.0pt
* \marginparsep=10.0pt
* \columnsep=10.0pt
* \skip\footins=9.0pt plus 4.0pt minus 2.0pt
* \hoffset=0.0pt
* \voffset=0.0pt
* \mag=1000
* \@twocolumntrue
* \@twosidefalse
* \@mparswitchfalse
* \@reversemarginfalse
* (1in=72.27pt=25.4mm, 1cm=28.453pt)


("C:\Users\claud\AppData\Local\Programs\MiKTeX 2.9\tex/context/base\supp-pdf.mk
ii"
[Loading MPS to PDF converter (version 2006.09.02).]
\scratchcounter=\count115
\scratchdimen=\dimen134
\scratchbox=\box31
\nofMPsegments=\count116
\nofMParguments=\count117
\everyMPshowfont=\toks24
\MPscratchCnt=\count118
\MPscratchDim=\dimen135
\MPnumerator=\count119
\makeMPintoPDFobject=\count120
\everyMPtoPDFconversion=\toks25
)
("C:\Users\claud\AppData\Local\Programs\MiKTeX 2.9\tex/latex/oberdiek\epstopdf-
base.sty"
Package: epstopdf-base 2016/05/15 v2.6 Base part for package epstopdf

("C:\Users\claud\AppData\Local\Programs\MiKTeX 2.9\tex/generic/oberdiek\infware
rr.sty"
Package: infwarerr 2016/05/16 v1.4 Providing info/warning/error messages (HO)
)
("C:\Users\claud\AppData\Local\Programs\MiKTeX 2.9\tex/latex/oberdiek\grfext.st
y"
Package: grfext 2016/05/16 v1.2 Manage graphics extensions (HO)

("C:\Users\claud\AppData\Local\Programs\MiKTeX 2.9\tex/generic/oberdiek\kvdefin
ekeys.sty"
Package: kvdefinekeys 2016/05/16 v1.4 Define keys (HO)

("C:\Users\claud\AppData\Local\Programs\MiKTeX 2.9\tex/generic/oberdiek\ltxcmds
.sty"
Package: ltxcmds 2016/05/16 v1.23 LaTeX kernel commands for general use (HO)
)))
("C:\Users\claud\AppData\Local\Programs\MiKTeX 2.9\tex/latex/oberdiek\kvoptions
.sty"
Package: kvoptions 2016/05/16 v3.12 Key value format for package options (HO)

("C:\Users\claud\AppData\Local\Programs\MiKTeX 2.9\tex/generic/oberdiek\kvsetke
ys.sty"
Package: kvsetkeys 2016/05/16 v1.17 Key value parser (HO)

("C:\Users\claud\AppData\Local\Programs\MiKTeX 2.9\tex/generic/oberdiek\etexcmd
s.sty"
Package: etexcmds 2016/05/16 v1.6 Avoid name clashes with e-TeX commands (HO)

("C:\Users\claud\AppData\Local\Programs\MiKTeX 2.9\tex/generic/oberdiek\ifluate
x.sty"
Package: ifluatex 2016/05/16 v1.4 Provides the ifluatex switch (HO)
Package ifluatex Info: LuaTeX not detected.
))))
("C:\Users\claud\AppData\Local\Programs\MiKTeX 2.9\tex/generic/oberdiek\pdftexc
mds.sty"
Package: pdftexcmds 2018/09/10 v0.29 Utility functions of pdfTeX for LuaTeX (HO
)
Package pdftexcmds Info: LuaTeX not detected.
Package pdftexcmds Info: \pdf@primitive is available.
Package pdftexcmds Info: \pdf@ifprimitive is available.
Package pdftexcmds Info: \pdfdraftmode found.
)
Package epstopdf-base Info: Redefining graphics rule for `.eps' on input line 4
38.
Package grfext Info: Graphics extension search list:
(grfext)             [.pdf,.png,.jpg,.mps,.jpeg,.jbig2,.jb2,.PDF,.PNG,.JPG,.JPE
G,.JBIG2,.JB2,.eps]
(grfext)             \AppendGraphicsExtensions on input line 456.
)
\c@lstlisting=\count121
Package caption Info: Begin \AtBeginDocument code.
Package caption Info: End \AtBeginDocument code.
\openout2 = `capuno.aux'.

 (capuno.tex
<figura1.png, id=1, 676.5275pt x 852.18375pt>
File: figura1.png Graphic file (type png)
<use figura1.png>
Package pdftex.def Info: figura1.png  used on input line 19.
(pdftex.def)             Requested size: 216.23514pt x 256.0732pt.

Underfull \hbox (badness 1221) in paragraph at lines 9--24
\T1/cmr/m/n/10 in-fras-truc-ture such as switches and routers to
 []


Underfull \hbox (badness 1275) in paragraph at lines 9--24
\T1/cmr/m/n/10 elim-i-nat-ing the re-quire-ment to in-vest in more
 []


Underfull \hbox (badness 1062) in paragraph at lines 9--24
\T1/cmr/m/n/10 pa-per is built as fol-lows as: Sec-tion2 re-lated
 []


Underfull \hbox (badness 10000) in paragraph at lines 9--24

 []


Underfull \hbox (badness 10000) in paragraph at lines 9--24

 []


Underfull \hbox (badness 10000) in paragraph at lines 9--24

 []


Underfull \hbox (badness 10000) in paragraph at lines 9--24

 []


Underfull \hbox (badness 10000) in paragraph at lines 9--24

 []


Underfull \hbox (badness 10000) in paragraph at lines 9--24

 []


Underfull \vbox (badness 10000) has occurred while \output is active []

 [1{C:/Users/claud/AppData/Local/MiKTeX/2.9/pdftex/config/pdftex.map}



]
LaTeX Font Info:    Try loading font information for OMS+cmr on input line 27.

("C:\Users\claud\AppData\Local\Programs\MiKTeX 2.9\tex/latex/base\omscmr.fd"
File: omscmr.fd 2014/09/29 v2.5h Standard LaTeX font definitions
)
LaTeX Font Info:    Font shape `OMS/cmr/m/n' in size <10> not available
(Font)              Font shape `OMS/cmsy/m/n' tried instead on input line 27.

[2 <./figura1.png>]
Underfull \hbox (badness 7379) in paragraph at lines 40--41
[]\T1/cmr/m/n/10 Additive In-crease Mul-ti-plica-tive De-crease
 []


Underfull \hbox (badness 10000) in paragraph at lines 62--63
[]\T1/cmr/m/n/10 Expected= Win-dow-size/BaseRTT, where
 []


Underfull \hbox (badness 10000) in paragraph at lines 63--64

 []


Underfull \hbox (badness 1436) in paragraph at lines 63--64
\T1/cmr/m/n/10 1) If the dif-fer-ence be-tween the ex-pected
 []


Underfull \hbox (badness 10000) in paragraph at lines 63--64

 []


Underfull \hbox (badness 10000) in paragraph at lines 64--66

 []


Underfull \hbox (badness 3375) in paragraph at lines 64--66
\T1/cmr/m/n/10 1)When the cur-rent through-put is lower
 []

<figure2.png, id=18, 263.48438pt x 341.02406pt>
File: figure2.png Graphic file (type png)
<use figure2.png>
Package pdftex.def Info: figure2.png  used on input line 71.
(pdftex.def)             Requested size: 216.25156pt x 256.09003pt.
[3]
Underfull \hbox (badness 10000) in paragraph at lines 93--96
\T1/cmr/m/n/10 if cwnd > SSTHRESH then
 []


Underfull \hbox (badness 10000) in paragraph at lines 100--107

 []


Underfull \hbox (badness 10000) in paragraph at lines 113--114

 []


Underfull \hbox (badness 4353) in paragraph at lines 113--114
\T1/cmr/m/n/10 Concerning the Legacy Net-work I used the
 []


Underfull \hbox (badness 10000) in paragraph at lines 113--114

 []

<figura4.png, id=23, 624.83438pt x 247.67531pt>
File: figura4.png Graphic file (type png)
<use figura4.png>
Package pdftex.def Info: figura4.png  used on input line 117.
(pdftex.def)             Requested size: 216.23549pt x 113.81108pt.

Underfull \hbox (badness 10000) in paragraph at lines 115--122

 []


Underfull \hbox (badness 1454) in paragraph at lines 115--122
\T1/cmr/m/n/10 As shown in Fig-ure 1, in a sim-pli-fied user's
 []


Underfull \hbox (badness 1337) in paragraph at lines 115--122
\T1/cmr/m/n/10 view, NS is Object-oriented Tcl (OTcl) script
 []

[4 <./figure2.png>]
Underfull \hbox (badness 1460) in paragraph at lines 127--128
[]\T1/cmr/m/n/10 Rapid pro-to-typ-ing of software-defined net-
 []


Underfull \hbox (badness 10000) in paragraph at lines 131--135

 []


Underfull \hbox (badness 6220) in paragraph at lines 131--135
\T1/cmr/m/n/10 ONOS stands for Open Net-work Op-er-at-ing
 []


Underfull \hbox (badness 5756) in paragraph at lines 131--135
\T1/cmr/m/n/10 a software-defined net-work (SDN), man-ag-ing
 []


Underfull \hbox (badness 1117) in paragraph at lines 131--135
\T1/cmr/m/n/10 and run-ning soft-ware pro-grams or mod-ules to
 []


Underfull \hbox (badness 1603) in paragraph at lines 131--135
\T1/cmr/m/n/10 software-defined net-works. Some ex-am-ples of
 []


Underfull \hbox (badness 10000) in paragraph at lines 136--139

 []


Underfull \hbox (badness 3568) in paragraph at lines 136--139
\T1/cmr/m/n/10 The first pro-gram, writ-ten in bash, cre-ates
 []


Underfull \hbox (badness 5105) in paragraph at lines 136--139
\T1/cmr/m/n/10 of Onos, which are org.onosproject.fwd and
 []

[5 <./figura4.png>]
<figura3.png, id=30, 388.45125pt x 224.33812pt>
File: figura3.png Graphic file (type png)
<use figura3.png>
Package pdftex.def Info: figura3.png  used on input line 152.
(pdftex.def)             Requested size: 216.24498pt x 170.72124pt.

Underfull \hbox (badness 10000) in paragraph at lines 166--168

 []


Overfull \hbox (1.90813pt too wide) in paragraph at lines 199--200
[][][][][][][][][][][][][][][][][][][][][][][][][][][][][][][] 
 []

[6 <./figura3.png>]
Overfull \hbox (2.67953pt too wide) in paragraph at lines 212--213
[][][][][][][][][][][][][][][][][][][][][] 
 []

<Legacy_n0-n4.png, id=38, 481.8pt x 361.35pt>
File: Legacy_n0-n4.png Graphic file (type png)
<use Legacy_n0-n4.png>
Package pdftex.def Info: Legacy_n0-n4.png  used on input line 221.
(pdftex.def)             Requested size: 216.24191pt x 170.71672pt.
<SDN_n0-n4.png, id=39, 481.8pt x 361.35pt>
File: SDN_n0-n4.png Graphic file (type png)
<use SDN_n0-n4.png>
Package pdftex.def Info: SDN_n0-n4.png  used on input line 226.
(pdftex.def)             Requested size: 216.24191pt x 170.71672pt.
<Legacy_n1-n5.png, id=40, 481.8pt x 361.35pt>
File: Legacy_n1-n5.png Graphic file (type png)
<use Legacy_n1-n5.png>
Package pdftex.def Info: Legacy_n1-n5.png  used on input line 232.
(pdftex.def)             Requested size: 216.24191pt x 170.71672pt.
<SDN_n1-n5.png, id=41, 481.8pt x 361.35pt>
File: SDN_n1-n5.png Graphic file (type png)
<use SDN_n1-n5.png>
Package pdftex.def Info: SDN_n1-n5.png  used on input line 238.
(pdftex.def)             Requested size: 216.24191pt x 170.71672pt.
)
Underfull \hbox (badness 10000) in paragraph at lines 218--13

 []


Underfull \hbox (badness 10000) in paragraph at lines 218--13

 []


Underfull \hbox (badness 10000) in paragraph at lines 218--13

 []


Underfull \hbox (badness 10000) in paragraph at lines 218--13

 []


Underfull \hbox (badness 10000) in paragraph at lines 218--13

 []

[7 <./Legacy_n0-n4.png> <./SDN_n0-n4.png> <./Legacy_n1-n5.png> <./SDN_n1-n5.png
>] (master.bbl
Underfull \hbox (badness 3815) in paragraph at lines 10--15
[]\T1/cmr/m/n/10 Balázs Sonkoly, Fe-li-cián Németh, Lev-ente
 []


Underfull \hbox (badness 1178) in paragraph at lines 17--21
\T1/cmr/m/it/10 Net-work-ing (ICOIN)\T1/cmr/m/n/10 , pages 420--423. IEEE,
 []

) [8


] (master.aux (capuno.aux))

LaTeX Warning: There were multiply-defined labels.

 )
(\end occurred inside a group at level 1)

### simple group (level 1) entered at line 35 ({)
### bottom level 
Here is how much of TeX's memory you used:
 6089 strings out of 492946
 88061 string characters out of 3126266
 190009 words of memory out of 3000000
 9887 multiletter control sequences out of 15000+200000
 17711 words of font info for 44 fonts, out of 3000000 for 9000
 1141 hyphenation exceptions out of 8191
 41i,7n,41p,1090b,1194s stack positions out of 5000i,500n,10000p,200000b,50000s
 <C:\Users\claud\AppData\Local\MiKTeX\2.9\fonts/pk/ljfour/jknap
pen/ec/dpi600\ecti1000.pk> <C:\Users\claud\AppData\Local\MiKTeX\2.9\fonts/pk/lj
four/jknappen/ec/dpi600\ecrm0500.pk> <C:\Users\claud\AppData\Local\MiKTeX\2.9\f
onts/pk/ljfour/jknappen/ec/dpi600\ecrm0900.pk> <C:\Users\claud\AppData\Local\Mi
KTeX\2.9\fonts/pk/ljfour/jknappen/ec/dpi600\ecrm1000.pk> <C:\Users\claud\AppDat
a\Local\MiKTeX\2.9\fonts/pk/ljfour/jknappen/ec/dpi600\ecbx1000.pk> <C:\Users\cl
aud\AppData\Local\MiKTeX\2.9\fonts/pk/ljfour/jknappen/ec/dpi600\ecti0800.pk> <C
:\Users\claud\AppData\Local\MiKTeX\2.9\fonts/pk/ljfour/jknappen/ec/dpi600\ecbx1
440.pk> <C:\Users\claud\AppData\Local\MiKTeX\2.9\fonts/pk/ljfour/jknappen/ec/dp
i600\ecrm1200.pk> <C:\Users\claud\AppData\Local\MiKTeX\2.9\fonts/pk/ljfour/jkna
ppen/ec/dpi600\ecbx1200.pk> <C:\Users\claud\AppData\Local\MiKTeX\2.9\fonts/pk/l
jfour/jknappen/ec/dpi600\ecbx1728.pk><C:/Users/claud/AppData/Local/Programs/MiK
TeX 2.9/fonts/type1/public/amsfonts/cm/cmmi10.pfb><C:/Users/claud/AppData/Local
/Programs/MiKTeX 2.9/fonts/type1/public/amsfonts/cm/cmsy10.pfb><C:/Users/claud/
AppData/Local/Programs/MiKTeX 2.9/fonts/type1/public/amsfonts/cm/cmsy5.pfb><C:/
Users/claud/AppData/Local/Programs/MiKTeX 2.9/fonts/type1/public/amsfonts/cm/cm
sy9.pfb>
Output written on master.pdf (8 pages, 484380 bytes).
PDF statistics:
 523 PDF objects out of 1000 (max. 8388607)
 0 named destinations out of 1000 (max. 500000)
 41 words of extra memory for PDF output out of 10000 (max. 10000000)

